Using pre-set license
Built from '2021.1/staging' branch; Version is '2021.1.7f1 (d91830b65d9b) revision 14227504'; Using compiler version '192528614'; Build Type 'Release'
OS: 'Windows 10 Home; OS build 19044.2965; Version 2009; 64bit' Language: 'ko' Physical Memory: 32606 MB
BatchMode: 1, IsHumanControllingUs: 0, StartBugReporterOnCrash: 0, Is64bit: 1, IsPro: 0

 COMMAND LINE ARGUMENTS:
D:\JC\Unity\2021.1.7f1\Editor\Unity.exe
-adb2
-batchMode
-noUpm
-name
AssetImportWorker0
-projectPath
C:/Users/zxa64/Desktop/ProjectX/Client/ProjectX
-logFile
Logs/AssetImportWorker0.log
-srvPort
6326
Successfully changed project path to: C:/Users/zxa64/Desktop/ProjectX/Client/ProjectX
C:/Users/zxa64/Desktop/ProjectX/Client/ProjectX
Using Asset Import Pipeline V2.
Refreshing native plugins compatible for Editor in 75.45 ms, found 1 plugins.
Preloading 0 native plugins for Editor in 0.00 ms.
Initialize engine version: 2021.1.7f1 (d91830b65d9b)
[Subsystems] Discovering subsystems at path D:/JC/Unity/2021.1.7f1/Editor/Data/Resources/UnitySubsystems
[Subsystems] Discovering subsystems at path C:/Users/zxa64/Desktop/ProjectX/Client/ProjectX/Assets
GfxDevice: creating device client; threaded=0; jobified=0
Direct3D:
    Version:  Direct3D 11.0 [level 11.1]
    Renderer: NVIDIA GeForce RTX 4070 Ti (ID=0x2782)
    Vendor:   NVIDIA
    VRAM:     12010 MB
    Driver:   31.0.15.2802
Initialize mono
Mono path[0] = 'D:/JC/Unity/2021.1.7f1/Editor/Data/Managed'
Mono path[1] = 'D:/JC/Unity/2021.1.7f1/Editor/Data/MonoBleedingEdge/lib/mono/unityjit'
Mono config path = 'D:/JC/Unity/2021.1.7f1/Editor/Data/MonoBleedingEdge/etc'
Using monoOptions --debugger-agent=transport=dt_socket,embedding=1,server=y,suspend=n,address=127.0.0.1:56528
Begin MonoManager ReloadAssembly
Registering precompiled unity dll's ...
Register platform support module: D:/JC/Unity/2021.1.7f1/Editor/Data/PlaybackEngines/WebGLSupport/UnityEditor.WebGL.Extensions.dll
Register platform support module: D:/JC/Unity/2021.1.7f1/Editor/Data/PlaybackEngines/MacStandaloneSupport/UnityEditor.OSXStandalone.Extensions.dll
Register platform support module: D:/JC/Unity/2021.1.7f1/Editor/Data/PlaybackEngines/WindowsStandaloneSupport/UnityEditor.WindowsStandalone.Extensions.dll
Register platform support module: D:/JC/Unity/2021.1.7f1/Editor/Data/PlaybackEngines/LinuxStandaloneSupport/UnityEditor.LinuxStandalone.Extensions.dll
Registered in 0.001333 seconds.
Native extension for LinuxStandalone target not found
Native extension for WindowsStandalone target not found
Native extension for OSXStandalone target not found
Native extension for WebGL target not found
Refreshing native plugins compatible for Editor in 77.30 ms, found 1 plugins.
Preloading 0 native plugins for Editor in 0.00 ms.
Mono: successfully reloaded assembly
- Completed reload, in  1.590 seconds
Platform modules already initialized, skipping
Registering precompiled user dll's ...
Registered in 0.002303 seconds.
Begin MonoManager ReloadAssembly
Symbol file LoadedFromMemory doesn't match image C:\Users\zxa64\Desktop\ProjectX\Client\ProjectX\Library\PackageCache\com.unity.visualscripting@1.6.1\Editor\VisualScripting.Core\Dependencies\YamlDotNet\Unity.VisualScripting.YamlDotNet.dll
Symbol file LoadedFromMemory doesn't match image C:\Users\zxa64\Desktop\ProjectX\Client\ProjectX\Library\PackageCache\com.unity.visualscripting@1.6.1\Editor\VisualScripting.Core\Dependencies\DotNetZip\Unity.VisualScripting.IonicZip.dll
Native extension for LinuxStandalone target not found
Native extension for WindowsStandalone target not found
Native extension for OSXStandalone target not found
Native extension for WebGL target not found
Refreshing native plugins compatible for Editor in 0.66 ms, found 1 plugins.
Preloading 0 native plugins for Editor in 0.00 ms.
Mono: successfully reloaded assembly
- Completed reload, in  0.832 seconds
Platform modules already initialized, skipping
========================================================================
Worker process is ready to serve import requests
Launched and connected shader compiler UnityShaderCompiler.exe after 0.03 seconds
Refreshing native plugins compatible for Editor in 0.32 ms, found 1 plugins.
Preloading 0 native plugins for Editor in 0.00 ms.
Unloading 2666 Unused Serialized files (Serialized files now loaded: 0)
System memory in use before: 102.4 MB.
System memory in use after: 102.6 MB.

Unloading 14 unused Assets to reduce memory usage. Loaded Objects now: 3119.
Total: 1.145100 ms (FindLiveObjects: 0.118500 ms CreateObjectMapping: 0.033600 ms MarkObjects: 0.942700 ms  DeleteObjects: 0.049300 ms)

========================================================================
Received Import Request.
  path: Assets
  artifactKey: Guid(00000000000000001000000000000000) Importer(815301076,1909f56bfc062723c751e8b465ee728b)
Start importing Assets using Guid(00000000000000001000000000000000) Importer(815301076,1909f56bfc062723c751e8b465ee728b)  -> (artifact id: '42d402b061de3733987d63b9cc3b64de') in 0.006556 seconds 
========================================================================
Received Import Request.
  Time since last request: 0.754732 seconds.
  path: Assets/Assets
  artifactKey: Guid(e2997da996e147f428eeb40ca03c6b38) Importer(815301076,1909f56bfc062723c751e8b465ee728b)
Start importing Assets/Assets using Guid(e2997da996e147f428eeb40ca03c6b38) Importer(815301076,1909f56bfc062723c751e8b465ee728b)  -> (artifact id: 'f5f92ae338af47b0f72228293244adca') in 0.001784 seconds 
========================================================================
Received Import Request.
  Time since last request: 17.824052 seconds.
  path: Assets/Plugins
  artifactKey: Guid(69be5f0a340e5eb46bf8057ee365b497) Importer(815301076,1909f56bfc062723c751e8b465ee728b)
Start importing Assets/Plugins using Guid(69be5f0a340e5eb46bf8057ee365b497) Importer(815301076,1909f56bfc062723c751e8b465ee728b)  -> (artifact id: 'bb4b0134dc6793b8f32f3459dcd9cabd') in 0.008107 seconds 
========================================================================
Received Import Request.
  Time since last request: 6.402927 seconds.
  path: Assets/Plugins/ProtoBuf
  artifactKey: Guid(8768958faab0d344689a7d387440b21f) Importer(815301076,1909f56bfc062723c751e8b465ee728b)
Start importing Assets/Plugins/ProtoBuf using Guid(8768958faab0d344689a7d387440b21f) Importer(815301076,1909f56bfc062723c751e8b465ee728b)  -> (artifact id: 'feca3663546c6e9e69e2678cc1bd88a6') in 0.006507 seconds 
========================================================================
Received Import Request.
  Time since last request: 5.707327 seconds.
  path: Assets/Plugins/Network
  artifactKey: Guid(5b991ea6503e44f4fb2302d8152d39f8) Importer(815301076,1909f56bfc062723c751e8b465ee728b)
Start importing Assets/Plugins/Network using Guid(5b991ea6503e44f4fb2302d8152d39f8) Importer(815301076,1909f56bfc062723c751e8b465ee728b)  -> (artifact id: '4124cc4e667820cd3542a6bfcc0ce054') in 0.006203 seconds 
========================================================================
Received Import Request.
  Time since last request: 5.837819 seconds.
  path: Assets/Scripts
  artifactKey: Guid(0f854debecfe60c44b79facb80238cb8) Importer(815301076,1909f56bfc062723c751e8b465ee728b)
Start importing Assets/Scripts using Guid(0f854debecfe60c44b79facb80238cb8) Importer(815301076,1909f56bfc062723c751e8b465ee728b)  -> (artifact id: 'e395ee9936c5bb50a1f31aefbe57f75d') in 0.005813 seconds 
========================================================================
Received Import Request.
  Time since last request: 4.880648 seconds.
  path: Assets/Resources
  artifactKey: Guid(671df58e5c7c1684f961fd3273137015) Importer(815301076,1909f56bfc062723c751e8b465ee728b)
Start importing Assets/Resources using Guid(671df58e5c7c1684f961fd3273137015) Importer(815301076,1909f56bfc062723c751e8b465ee728b)  -> (artifact id: '543db374a0cd8a8f0d4bcd529b186fa9') in 0.006551 seconds 
========================================================================
Received Import Request.
  Time since last request: 28.208212 seconds.
  path: Assets/Store
  artifactKey: Guid(e87554a4e7230b14ba7e72db39fc8509) Importer(815301076,1909f56bfc062723c751e8b465ee728b)
Start importing Assets/Store using Guid(e87554a4e7230b14ba7e72db39fc8509) Importer(815301076,1909f56bfc062723c751e8b465ee728b)  -> (artifact id: '9d8cc628c8fe64407d10f2edcde463c2') in 0.007962 seconds 
========================================================================
Received Import Request.
  Time since last request: 9.853055 seconds.
  path: Assets/New Folder
  artifactKey: Guid(cf394e44a1667444d85a2c57924150d6) Importer(815301076,1909f56bfc062723c751e8b465ee728b)
Start importing Assets/New Folder using Guid(cf394e44a1667444d85a2c57924150d6) Importer(815301076,1909f56bfc062723c751e8b465ee728b)  -> (artifact id: '184f71f3f31443b64a54d0f57be6f800') in 0.006221 seconds 
========================================================================
Received Import Request.
  Time since last request: 18.617790 seconds.
  path: Assets/Scripts/Network
  artifactKey: Guid(8f39416e549e84a47ab228f1dbf1249c) Importer(815301076,1909f56bfc062723c751e8b465ee728b)
Start importing Assets/Scripts/Network using Guid(8f39416e549e84a47ab228f1dbf1249c) Importer(815301076,1909f56bfc062723c751e8b465ee728b)  -> (artifact id: '5888639e1e76c5479bcfc91cb7f48b8e') in 0.002100 seconds 
========================================================================
Received Import Request.
  Time since last request: 4.523602 seconds.
  path: Assets/Scripts/Network/Packets
  artifactKey: Guid(f8f3209124b35624abfa9abbbe8d8cb2) Importer(815301076,1909f56bfc062723c751e8b465ee728b)
Start importing Assets/Scripts/Network/Packets using Guid(f8f3209124b35624abfa9abbbe8d8cb2) Importer(815301076,1909f56bfc062723c751e8b465ee728b)  -> (artifact id: '1ea8e149a1f5d20c91f82bd0fb9304a1') in 0.006011 seconds 
========================================================================
Received Import Request.
  Time since last request: 5.115268 seconds.
  path: Assets/Scripts/Network/Protocols
  artifactKey: Guid(52b4dcab2d0f06f419f5b8e0d1601409) Importer(815301076,1909f56bfc062723c751e8b465ee728b)
Start importing Assets/Scripts/Network/Protocols using Guid(52b4dcab2d0f06f419f5b8e0d1601409) Importer(815301076,1909f56bfc062723c751e8b465ee728b)  -> (artifact id: '3e4ddb337fc9948caad08b63d26fdb0e') in 0.005780 seconds 
========================================================================
Received Prepare
Registering precompiled user dll's ...
Registered in 0.002908 seconds.
Begin MonoManager ReloadAssembly
Symbol file LoadedFromMemory doesn't match image C:\Users\zxa64\Desktop\ProjectX\Client\ProjectX\Library\PackageCache\com.unity.visualscripting@1.6.1\Editor\VisualScripting.Core\Dependencies\YamlDotNet\Unity.VisualScripting.YamlDotNet.dll
Symbol file LoadedFromMemory doesn't match image C:\Users\zxa64\Desktop\ProjectX\Client\ProjectX\Library\PackageCache\com.unity.visualscripting@1.6.1\Editor\VisualScripting.Core\Dependencies\DotNetZip\Unity.VisualScripting.IonicZip.dll
Symbol file LoadedFromMemory is not a mono symbol file
Native extension for LinuxStandalone target not found
Native extension for WindowsStandalone target not found
Native extension for OSXStandalone target not found
Native extension for WebGL target not found
Refreshing native plugins compatible for Editor in 0.63 ms, found 1 plugins.
Preloading 0 native plugins for Editor in 0.00 ms.
Mono: successfully reloaded assembly
- Completed reload, in  0.768 seconds
Platform modules already initialized, skipping
Refreshing native plugins compatible for Editor in 0.77 ms, found 1 plugins.
Preloading 0 native plugins for Editor in 0.00 ms.
Unloading 2669 Unused Serialized files (Serialized files now loaded: 0)
System memory in use before: 102.6 MB.
System memory in use after: 102.8 MB.

Unloading 11 unused Assets to reduce memory usage. Loaded Objects now: 3128.
Total: 1.827100 ms (FindLiveObjects: 0.223000 ms CreateObjectMapping: 0.063000 ms MarkObjects: 1.491100 ms  DeleteObjects: 0.049100 ms)

========================================================================
Received Import Request.
  Time since last request: 52379.657534 seconds.
  path: Assets/Scenes/SampleScene.unity
  artifactKey: Guid(9fc0d4010bbf28b4594072e72b8655ab) Importer(815301076,1909f56bfc062723c751e8b465ee728b)
Start importing Assets/Scenes/SampleScene.unity using Guid(9fc0d4010bbf28b4594072e72b8655ab) Importer(815301076,1909f56bfc062723c751e8b465ee728b)  -> (artifact id: '85059f4f9e1a832ed95adaa0d25c5c4c') in 0.019520 seconds 
========================================================================
Received Import Request.
  Time since last request: 13.540619 seconds.
  path: Assets/Scenes/LobbyScene.unity
  artifactKey: Guid(9fc0d4010bbf28b4594072e72b8655ab) Importer(815301076,1909f56bfc062723c751e8b465ee728b)
Start importing Assets/Scenes/LobbyScene.unity using Guid(9fc0d4010bbf28b4594072e72b8655ab) Importer(815301076,1909f56bfc062723c751e8b465ee728b)  -> (artifact id: '924a284b8b602f564119877e20d7201e') in 0.006809 seconds 
========================================================================
Received Import Request.
  Time since last request: 3.902320 seconds.
  path: Assets/Scenes
  artifactKey: Guid(7efe815e01e0adf4fa357da1c1833135) Importer(815301076,1909f56bfc062723c751e8b465ee728b)
Start importing Assets/Scenes using Guid(7efe815e01e0adf4fa357da1c1833135) Importer(815301076,1909f56bfc062723c751e8b465ee728b)  -> (artifact id: '6cc5934b3f9d67b11da1bdb658b252a4') in 0.008507 seconds 
========================================================================
Received Import Request.
  Time since last request: 6.814752 seconds.
  path: Assets/Scenes/Lobby.unity
  artifactKey: Guid(9fc0d4010bbf28b4594072e72b8655ab) Importer(815301076,1909f56bfc062723c751e8b465ee728b)
Start importing Assets/Scenes/Lobby.unity using Guid(9fc0d4010bbf28b4594072e72b8655ab) Importer(815301076,1909f56bfc062723c751e8b465ee728b)  -> (artifact id: 'da588754697b2aa0615ad045a9170fb1') in 0.015975 seconds 
========================================================================
Received Import Request.
  Time since last request: 5.872078 seconds.
  path: Assets/Scenes/Game.unity
  artifactKey: Guid(758941fbad4e72e42b7394759054b0bc) Importer(815301076,1909f56bfc062723c751e8b465ee728b)
Start importing Assets/Scenes/Game.unity using Guid(758941fbad4e72e42b7394759054b0bc) Importer(815301076,1909f56bfc062723c751e8b465ee728b)  -> (artifact id: '3a1f31094dd823fd42fd1ee7df5a6690') in 0.007070 seconds 
========================================================================
Received Import Request.
  Time since last request: 56.661085 seconds.
  path: Assets/Scenes/Test.unity
  artifactKey: Guid(9d621c1bfcfb9db448641b9b98aa9cdb) Importer(815301076,1909f56bfc062723c751e8b465ee728b)
Start importing Assets/Scenes/Test.unity using Guid(9d621c1bfcfb9db448641b9b98aa9cdb) Importer(815301076,1909f56bfc062723c751e8b465ee728b)  -> (artifact id: '646d854d50fa0d00a8815604e5055ca4') in 0.007375 seconds 
========================================================================
Received Import Request.
  Time since last request: 16382.338084 seconds.
  path: Assets/External
  artifactKey: Guid(e87554a4e7230b14ba7e72db39fc8509) Importer(815301076,1909f56bfc062723c751e8b465ee728b)
Start importing Assets/External using Guid(e87554a4e7230b14ba7e72db39fc8509) Importer(815301076,1909f56bfc062723c751e8b465ee728b)  -> (artifact id: 'a47e3450cf3ce536bce2b7ade1703606') in 0.008605 seconds 
========================================================================
Received Import Request.
  Time since last request: 6.831996 seconds.
  path: Assets/External/Cookie Run Font
  artifactKey: Guid(9020e7f8f0cde704cbb9a745d7cdba51) Importer(815301076,1909f56bfc062723c751e8b465ee728b)
Start importing Assets/External/Cookie Run Font using Guid(9020e7f8f0cde704cbb9a745d7cdba51) Importer(815301076,1909f56bfc062723c751e8b465ee728b)  -> (artifact id: '64f555aed5c2fc67d7e980674a665614') in 0.007750 seconds 
========================================================================
Received Import Request.
  Time since last request: 21.462757 seconds.
  path: Assets/External/Cookie Run Font/CookieRun Regular.ttf
  artifactKey: Guid(e25a8093f4eff334289275548aab0cd2) Importer(815301076,1909f56bfc062723c751e8b465ee728b)
Start importing Assets/External/Cookie Run Font/CookieRun Regular.ttf using Guid(e25a8093f4eff334289275548aab0cd2) Importer(815301076,1909f56bfc062723c751e8b465ee728b)  -> (artifact id: '01511d00bd2486565c462796b4c256bc') in 0.106247 seconds 
========================================================================
Received Import Request.
  Time since last request: 1321.792930 seconds.
  path: Assets/External/Sprites
  artifactKey: Guid(71b6916389b920f46a1b181f8a97b25e) Importer(815301076,1909f56bfc062723c751e8b465ee728b)
Start importing Assets/External/Sprites using Guid(71b6916389b920f46a1b181f8a97b25e) Importer(815301076,1909f56bfc062723c751e8b465ee728b)  -> (artifact id: 'bb6972e5471c183472c881932fdbdc8e') in 0.006641 seconds 
========================================================================
Received Import Request.
  Time since last request: 9.745320 seconds.
  path: Assets/Resources/Sprites
  artifactKey: Guid(5023615cffc982e459e78a5407bb70b1) Importer(815301076,1909f56bfc062723c751e8b465ee728b)
Start importing Assets/Resources/Sprites using Guid(5023615cffc982e459e78a5407bb70b1) Importer(815301076,1909f56bfc062723c751e8b465ee728b)  -> (artifact id: 'b8694eb42ae8dc2c34db8638644bbaf0') in 0.002444 seconds 
========================================================================
Received Import Request.
  Time since last request: 876.210824 seconds.
  path: Assets/_TerrainAutoUpgrade
  artifactKey: Guid(8edaa8df78746dc418d7e6562e380dd7) Importer(815301076,1909f56bfc062723c751e8b465ee728b)
Start importing Assets/_TerrainAutoUpgrade using Guid(8edaa8df78746dc418d7e6562e380dd7) Importer(815301076,1909f56bfc062723c751e8b465ee728b)  -> (artifact id: 'ccb4eac5a8ee4095ef9db77dd45ad147') in 0.007451 seconds 
========================================================================
Received Import Request.
  Time since last request: 0.602805 seconds.
  path: Assets/3D Cartoon Village
  artifactKey: Guid(267db591fef66524d83921154e322695) Importer(815301076,1909f56bfc062723c751e8b465ee728b)
Start importing Assets/3D Cartoon Village using Guid(267db591fef66524d83921154e322695) Importer(815301076,1909f56bfc062723c751e8b465ee728b)  -> (artifact id: '9bcb1bf70f853bce74d79ed6fa0015d5') in 0.008168 seconds 
========================================================================
Received Import Request.
  Time since last request: 2.804581 seconds.
  path: Assets/External/_TerrainAutoUpgrade/layer_Grass3d3aba195e4d26ee.terrainlayer
  artifactKey: Guid(6e6d5ad505a866d42bdb8d43dfe911ee) Importer(815301076,1909f56bfc062723c751e8b465ee728b)
Start importing Assets/External/_TerrainAutoUpgrade/layer_Grass3d3aba195e4d26ee.terrainlayer using Guid(6e6d5ad505a866d42bdb8d43dfe911ee) Importer(815301076,1909f56bfc062723c751e8b465ee728b)  -> (artifact id: '00fc3ab61505058089a674333a6194c6') in 0.024837 seconds 
========================================================================
Received Import Request.
  Time since last request: 0.000172 seconds.
  path: Assets/External/_TerrainAutoUpgrade/layer_Rock33d3aba195e4d26ee.terrainlayer
  artifactKey: Guid(d46a7194ef62de541bd17eaa034d154a) Importer(815301076,1909f56bfc062723c751e8b465ee728b)
Start importing Assets/External/_TerrainAutoUpgrade/layer_Rock33d3aba195e4d26ee.terrainlayer using Guid(d46a7194ef62de541bd17eaa034d154a) Importer(815301076,1909f56bfc062723c751e8b465ee728b)  -> (artifact id: '9c32c41ee94b4e0fa44c8f41875c9338') in 0.010605 seconds 
========================================================================
Received Import Request.
  Time since last request: 0.000105 seconds.
  path: Assets/External/_TerrainAutoUpgrade/layer_Rock3d3aba195e4d26ee.terrainlayer
  artifactKey: Guid(a189383f8fbf48b478f16c0fb257e968) Importer(815301076,1909f56bfc062723c751e8b465ee728b)
Start importing Assets/External/_TerrainAutoUpgrade/layer_Rock3d3aba195e4d26ee.terrainlayer using Guid(a189383f8fbf48b478f16c0fb257e968) Importer(815301076,1909f56bfc062723c751e8b465ee728b)  -> (artifact id: '412d32e780447db557863f4790ab84d4') in 0.010702 seconds 
========================================================================
Received Import Request.
  Time since last request: 0.000103 seconds.
  path: Assets/External/_TerrainAutoUpgrade/layer_Rock23d3aba195e4d26ee.terrainlayer
  artifactKey: Guid(82de614ef915a0040a0bff9955c253a5) Importer(815301076,1909f56bfc062723c751e8b465ee728b)
Start importing Assets/External/_TerrainAutoUpgrade/layer_Rock23d3aba195e4d26ee.terrainlayer using Guid(82de614ef915a0040a0bff9955c253a5) Importer(815301076,1909f56bfc062723c751e8b465ee728b)  -> (artifact id: 'fbc2d941a2f12e373d767637282eb4ce') in 0.009517 seconds 
========================================================================
Received Import Request.
  Time since last request: 6.066809 seconds.
  path: Assets/External/3D Cartoon Village/Materials
  artifactKey: Guid(10b3e21ecc1e42c4993393e6dfec18c8) Importer(815301076,1909f56bfc062723c751e8b465ee728b)
Start importing Assets/External/3D Cartoon Village/Materials using Guid(10b3e21ecc1e42c4993393e6dfec18c8) Importer(815301076,1909f56bfc062723c751e8b465ee728b)  -> (artifact id: '1240b83026e49db673d93a96f1966df4') in 0.008174 seconds 
========================================================================
Received Import Request.
  Time since last request: 1.121856 seconds.
  path: Assets/External/3D Cartoon Village/Scene
  artifactKey: Guid(d0a2b456f690dc24bbcb243e24aebe94) Importer(815301076,1909f56bfc062723c751e8b465ee728b)
Start importing Assets/External/3D Cartoon Village/Scene using Guid(d0a2b456f690dc24bbcb243e24aebe94) Importer(815301076,1909f56bfc062723c751e8b465ee728b)  -> (artifact id: '2c47319a4f4fdc56da8dcf25001d76c7') in 0.008453 seconds 
========================================================================
Received Import Request.
  Time since last request: 0.076174 seconds.
  path: Assets/External/3D Cartoon Village/Scene/New Terrain.asset
  artifactKey: Guid(7da81eb9165fd40469697325b04180d0) Importer(815301076,1909f56bfc062723c751e8b465ee728b)
Start importing Assets/External/3D Cartoon Village/Scene/New Terrain.asset using Guid(7da81eb9165fd40469697325b04180d0) Importer(815301076,1909f56bfc062723c751e8b465ee728b) Received signal SIGSEGV
Stack trace:
0x00007ff79dd031b4 (Unity) CreateAssetToGUIDMappingV2
0x00007ff79dcac9ba (Unity) AssetDatabase::CreateAssetToGUIDMapping
0x00007ff79e39ddbb (Unity) SplatDatabase::CreateTerrainLayerAsset
0x00007ff79e39cc80 (Unity) SplatDatabase::ConvertSplatsToTerrainLayers
0x00007ff79e399cdc (Unity) SplatDatabase::AwakeFromLoad
0x00007ff79e3d6ae6 (Unity) TerrainData::AwakeFromLoad
0x00007ff79d41351f (Unity) AwakeFromLoadQueue::InvokePersistentManagerAwake
0x00007ff79d413eb2 (Unity) AwakeFromLoadQueue::PersistentManagerAwakeFromLoad
0x00007ff79d41403a (Unity) AwakeFromLoadQueue::PersistentManagerAwakeFromLoad
0x00007ff79d3e7e5f (Unity) PersistentManager::IntegrateAllThreadedObjects
0x00007ff79d3e89c7 (Unity) PersistentManager::LoadAndIntegrateAllPreallocatedObjects
0x00007ff79d3ebee2 (Unity) PersistentManager::ReadObject
0x00007ff79dca5a01 (Unity) WritePreviews
0x00007ff79dca2403 (Unity) PreviewImporter::GenerateAssetData
0x00007ff79dd3c84e (Unity) ImportToObjects
0x00007ff79dd3b848 (Unity) ImportAsset
0x00007ff79dcd9e6f (Unity) AssetImportWorker::Import
0x00007ff79dcfcf52 (Unity) <lambda_9a0c3c600e605f826d039b184a304624>::operator()
0x00007ff79dd83712 (Unity) asio::detail::completion_handler<core::mutable_function<void __cdecl(void)> >::do_complete
0x00007ff79dd85980 (Unity) asio::detail::win_iocp_io_service::do_one
0x00007ff79dd8906e (Unity) asio::io_service::run
0x00007ff79dd2551a (Unity) RunAssetImportWorkerClientV2
0x00007ff79dd25570 (Unity) RunAssetImporterV2
0x00007ff79d82c106 (Unity) Application::InitializeProject
0x00007ff79dc38837 (Unity) WinMain
0x00007ff79f765682 (Unity) __scrt_common_main_seh
0x00007ff849b27614 (KERNEL32) BaseThreadInitThunk
0x00007ff84a5826a1 (ntdll) RtlUserThreadStart

